mode: set
redbubble.com/calculator/app/prices/pricelist.go:26.54,27.27 1 1
redbubble.com/calculator/app/prices/pricelist.go:33.2,33.14 1 0
redbubble.com/calculator/app/prices/pricelist.go:27.27,28.26 1 1
redbubble.com/calculator/app/prices/pricelist.go:28.26,30.4 1 1
redbubble.com/calculator/app/prices/pricelist.go:36.79,38.49 1 1
redbubble.com/calculator/app/prices/pricelist.go:45.2,45.13 1 1
redbubble.com/calculator/app/prices/pricelist.go:38.49,40.46 2 1
redbubble.com/calculator/app/prices/pricelist.go:40.46,42.4 1 0
redbubble.com/calculator/app/prices/pricelist.go:48.32,50.2 1 1
redbubble.com/calculator/app/prices/pricelist.go:53.106,55.12 2 1
redbubble.com/calculator/app/prices/pricelist.go:59.2,62.53 3 1
redbubble.com/calculator/app/prices/pricelist.go:55.12,57.3 1 1
redbubble.com/calculator/app/prices/pricelist.go:66.109,68.39 2 1
redbubble.com/calculator/app/prices/pricelist.go:74.2,74.99 1 0
redbubble.com/calculator/app/prices/pricelist.go:68.39,69.37 1 1
redbubble.com/calculator/app/prices/pricelist.go:69.37,71.4 1 1
redbubble.com/calculator/app/prices/pricelist.go:77.79,82.36 2 1
redbubble.com/calculator/app/prices/pricelist.go:86.2,86.12 1 1
redbubble.com/calculator/app/prices/pricelist.go:82.36,84.3 1 1
redbubble.com/calculator/app/datasource/inputprices.go:21.40,23.27 2 0
redbubble.com/calculator/app/datasource/inputprices.go:27.2,30.27 3 0
redbubble.com/calculator/app/datasource/inputprices.go:40.2,40.13 1 0
redbubble.com/calculator/app/datasource/inputprices.go:23.27,25.3 1 0
redbubble.com/calculator/app/datasource/inputprices.go:30.27,35.41 3 0
redbubble.com/calculator/app/datasource/inputprices.go:35.41,37.4 1 0
redbubble.com/calculator/app/datasource/unmarshal.go:15.60,17.16 2 0
redbubble.com/calculator/app/datasource/unmarshal.go:21.2,24.16 3 0
redbubble.com/calculator/app/datasource/unmarshal.go:28.2,29.22 2 0
redbubble.com/calculator/app/datasource/unmarshal.go:34.2,34.43 1 0
redbubble.com/calculator/app/datasource/unmarshal.go:17.16,19.3 1 0
redbubble.com/calculator/app/datasource/unmarshal.go:24.16,26.3 1 0
redbubble.com/calculator/app/datasource/unmarshal.go:29.22,32.3 2 0
redbubble.com/calculator/app/datasource/unmarshal.go:37.71,40.39 2 0
redbubble.com/calculator/app/datasource/unmarshal.go:46.2,48.12 2 0
redbubble.com/calculator/app/datasource/unmarshal.go:52.2,52.12 1 0
redbubble.com/calculator/app/datasource/unmarshal.go:40.39,41.27 1 0
redbubble.com/calculator/app/datasource/unmarshal.go:41.27,43.4 1 0
redbubble.com/calculator/app/datasource/unmarshal.go:48.12,50.3 1 0
redbubble.com/calculator/app/datasource/unmarshal.go:59.65,61.16 2 0
redbubble.com/calculator/app/datasource/unmarshal.go:65.2,68.16 3 0
redbubble.com/calculator/app/datasource/unmarshal.go:72.2,73.16 2 0
redbubble.com/calculator/app/datasource/unmarshal.go:78.2,80.8 1 0
redbubble.com/calculator/app/datasource/unmarshal.go:61.16,63.3 1 0
redbubble.com/calculator/app/datasource/unmarshal.go:68.16,70.3 1 0
redbubble.com/calculator/app/datasource/unmarshal.go:73.16,76.3 1 0
redbubble.com/calculator/app/datasource/unmarshal.go:83.74,89.31 4 0
redbubble.com/calculator/app/datasource/unmarshal.go:122.2,124.17 2 0
redbubble.com/calculator/app/datasource/unmarshal.go:128.2,128.24 1 0
redbubble.com/calculator/app/datasource/unmarshal.go:89.31,90.26 1 0
redbubble.com/calculator/app/datasource/unmarshal.go:98.3,98.30 1 0
redbubble.com/calculator/app/datasource/unmarshal.go:106.3,109.13 3 0
redbubble.com/calculator/app/datasource/unmarshal.go:119.3,119.41 1 0
redbubble.com/calculator/app/datasource/unmarshal.go:90.26,95.12 3 0
redbubble.com/calculator/app/datasource/unmarshal.go:98.30,103.12 3 0
redbubble.com/calculator/app/datasource/unmarshal.go:109.13,114.12 3 0
redbubble.com/calculator/app/datasource/unmarshal.go:115.9,117.4 1 0
redbubble.com/calculator/app/datasource/unmarshal.go:124.17,126.3 1 0
redbubble.com/calculator/app/cmd/calculate/main.go:19.13,27.82 3 0
redbubble.com/calculator/app/cmd/calculate/main.go:32.2,34.16 2 0
redbubble.com/calculator/app/cmd/calculate/main.go:27.82,30.3 1 0
redbubble.com/calculator/app/cmd/calculate/main.go:37.56,40.2 2 0
redbubble.com/calculator/app/cmd/calculate/main.go:44.35,46.16 2 0
redbubble.com/calculator/app/cmd/calculate/main.go:51.2,52.16 2 0
redbubble.com/calculator/app/cmd/calculate/main.go:57.2,59.28 2 0
redbubble.com/calculator/app/cmd/calculate/main.go:63.2,63.14 1 0
redbubble.com/calculator/app/cmd/calculate/main.go:46.16,49.3 2 0
redbubble.com/calculator/app/cmd/calculate/main.go:52.16,54.3 1 0
redbubble.com/calculator/app/cmd/calculate/main.go:59.28,61.3 1 0
redbubble.com/calculator/app/cart/cart.go:23.42,24.25 1 0
redbubble.com/calculator/app/cart/cart.go:29.2,29.20 1 0
redbubble.com/calculator/app/cart/cart.go:34.2,34.24 1 0
redbubble.com/calculator/app/cart/cart.go:39.2,39.22 1 0
redbubble.com/calculator/app/cart/cart.go:43.2,43.13 1 0
redbubble.com/calculator/app/cart/cart.go:24.25,27.3 2 0
redbubble.com/calculator/app/cart/cart.go:29.20,32.3 2 0
redbubble.com/calculator/app/cart/cart.go:34.24,37.3 2 0
redbubble.com/calculator/app/cart/cart.go:39.22,41.3 1 0
redbubble.com/calculator/app/cart/cart.go:47.73,50.31 2 1
redbubble.com/calculator/app/cart/cart.go:59.2,59.18 1 1
redbubble.com/calculator/app/cart/cart.go:50.31,52.17 2 1
redbubble.com/calculator/app/cart/cart.go:56.3,56.76 1 1
redbubble.com/calculator/app/cart/cart.go:52.17,54.4 1 0
redbubble.com/calculator/app/cart/cart.go:64.81,70.2 4 1
redbubble.com/calculator/app/datasource/unmarshal.go:15.60,17.16 2 0
redbubble.com/calculator/app/datasource/unmarshal.go:21.2,24.16 3 0
redbubble.com/calculator/app/datasource/unmarshal.go:28.2,29.22 2 0
redbubble.com/calculator/app/datasource/unmarshal.go:34.2,34.43 1 0
redbubble.com/calculator/app/datasource/unmarshal.go:17.16,19.3 1 0
redbubble.com/calculator/app/datasource/unmarshal.go:24.16,26.3 1 0
redbubble.com/calculator/app/datasource/unmarshal.go:29.22,32.3 2 0
redbubble.com/calculator/app/datasource/unmarshal.go:37.71,40.39 2 0
redbubble.com/calculator/app/datasource/unmarshal.go:46.2,48.12 2 0
redbubble.com/calculator/app/datasource/unmarshal.go:52.2,52.12 1 0
redbubble.com/calculator/app/datasource/unmarshal.go:40.39,41.27 1 0
redbubble.com/calculator/app/datasource/unmarshal.go:41.27,43.4 1 0
redbubble.com/calculator/app/datasource/unmarshal.go:48.12,50.3 1 0
redbubble.com/calculator/app/datasource/unmarshal.go:59.65,61.16 2 0
redbubble.com/calculator/app/datasource/unmarshal.go:65.2,68.16 3 0
redbubble.com/calculator/app/datasource/unmarshal.go:72.2,73.16 2 0
redbubble.com/calculator/app/datasource/unmarshal.go:78.2,80.8 1 0
redbubble.com/calculator/app/datasource/unmarshal.go:61.16,63.3 1 0
redbubble.com/calculator/app/datasource/unmarshal.go:68.16,70.3 1 0
redbubble.com/calculator/app/datasource/unmarshal.go:73.16,76.3 1 0
redbubble.com/calculator/app/datasource/unmarshal.go:83.74,89.31 4 0
redbubble.com/calculator/app/datasource/unmarshal.go:122.2,124.17 2 0
redbubble.com/calculator/app/datasource/unmarshal.go:128.2,128.24 1 0
redbubble.com/calculator/app/datasource/unmarshal.go:89.31,90.26 1 0
redbubble.com/calculator/app/datasource/unmarshal.go:98.3,98.30 1 0
redbubble.com/calculator/app/datasource/unmarshal.go:106.3,109.13 3 0
redbubble.com/calculator/app/datasource/unmarshal.go:119.3,119.41 1 0
redbubble.com/calculator/app/datasource/unmarshal.go:90.26,95.12 3 0
redbubble.com/calculator/app/datasource/unmarshal.go:98.30,103.12 3 0
redbubble.com/calculator/app/datasource/unmarshal.go:109.13,114.12 3 0
redbubble.com/calculator/app/datasource/unmarshal.go:115.9,117.4 1 0
redbubble.com/calculator/app/datasource/unmarshal.go:124.17,126.3 1 0
redbubble.com/calculator/app/cmd/calculate/main.go:19.13,27.82 3 0
redbubble.com/calculator/app/cmd/calculate/main.go:32.2,34.16 2 0
redbubble.com/calculator/app/cmd/calculate/main.go:27.82,30.3 1 0
redbubble.com/calculator/app/cmd/calculate/main.go:37.56,40.2 2 0
redbubble.com/calculator/app/cmd/calculate/main.go:44.35,46.16 2 0
redbubble.com/calculator/app/cmd/calculate/main.go:51.2,52.16 2 0
redbubble.com/calculator/app/cmd/calculate/main.go:57.2,59.28 2 0
redbubble.com/calculator/app/cmd/calculate/main.go:63.2,63.14 1 0
redbubble.com/calculator/app/cmd/calculate/main.go:46.16,49.3 2 0
redbubble.com/calculator/app/cmd/calculate/main.go:52.16,54.3 1 0
redbubble.com/calculator/app/cmd/calculate/main.go:59.28,61.3 1 0
redbubble.com/calculator/app/prices/pricelist.go:26.54,27.27 1 1
redbubble.com/calculator/app/prices/pricelist.go:33.2,33.14 1 1
redbubble.com/calculator/app/prices/pricelist.go:27.27,28.26 1 1
redbubble.com/calculator/app/prices/pricelist.go:28.26,30.4 1 1
redbubble.com/calculator/app/prices/pricelist.go:36.79,38.49 1 1
redbubble.com/calculator/app/prices/pricelist.go:45.2,45.13 1 1
redbubble.com/calculator/app/prices/pricelist.go:38.49,40.46 2 1
redbubble.com/calculator/app/prices/pricelist.go:40.46,42.4 1 1
redbubble.com/calculator/app/prices/pricelist.go:48.32,50.2 1 1
redbubble.com/calculator/app/prices/pricelist.go:53.106,55.12 2 1
redbubble.com/calculator/app/prices/pricelist.go:59.2,62.53 3 1
redbubble.com/calculator/app/prices/pricelist.go:55.12,57.3 1 1
redbubble.com/calculator/app/prices/pricelist.go:66.109,68.39 2 1
redbubble.com/calculator/app/prices/pricelist.go:74.2,74.99 1 0
redbubble.com/calculator/app/prices/pricelist.go:68.39,69.37 1 1
redbubble.com/calculator/app/prices/pricelist.go:69.37,71.4 1 1
redbubble.com/calculator/app/prices/pricelist.go:77.79,82.36 2 1
redbubble.com/calculator/app/prices/pricelist.go:86.2,86.12 1 1
redbubble.com/calculator/app/prices/pricelist.go:82.36,84.3 1 1
redbubble.com/calculator/app/cart/cart.go:23.42,24.25 1 0
redbubble.com/calculator/app/cart/cart.go:29.2,29.20 1 0
redbubble.com/calculator/app/cart/cart.go:34.2,34.24 1 0
redbubble.com/calculator/app/cart/cart.go:39.2,39.22 1 0
redbubble.com/calculator/app/cart/cart.go:43.2,43.13 1 0
redbubble.com/calculator/app/cart/cart.go:24.25,27.3 2 0
redbubble.com/calculator/app/cart/cart.go:29.20,32.3 2 0
redbubble.com/calculator/app/cart/cart.go:34.24,37.3 2 0
redbubble.com/calculator/app/cart/cart.go:39.22,41.3 1 0
redbubble.com/calculator/app/cart/cart.go:47.73,50.31 2 0
redbubble.com/calculator/app/cart/cart.go:59.2,59.18 1 0
redbubble.com/calculator/app/cart/cart.go:50.31,52.17 2 0
redbubble.com/calculator/app/cart/cart.go:56.3,56.76 1 0
redbubble.com/calculator/app/cart/cart.go:52.17,54.4 1 0
redbubble.com/calculator/app/cart/cart.go:64.81,70.2 4 0
redbubble.com/calculator/app/datasource/inputprices.go:21.40,23.27 2 0
redbubble.com/calculator/app/datasource/inputprices.go:27.2,30.27 3 0
redbubble.com/calculator/app/datasource/inputprices.go:40.2,40.13 1 0
redbubble.com/calculator/app/datasource/inputprices.go:23.27,25.3 1 0
redbubble.com/calculator/app/datasource/inputprices.go:30.27,35.41 3 0
redbubble.com/calculator/app/datasource/inputprices.go:35.41,37.4 1 0
redbubble.com/calculator/app/cart/cart.go:23.42,24.25 1 1
redbubble.com/calculator/app/cart/cart.go:29.2,29.20 1 1
redbubble.com/calculator/app/cart/cart.go:34.2,34.24 1 1
redbubble.com/calculator/app/cart/cart.go:39.2,39.22 1 1
redbubble.com/calculator/app/cart/cart.go:43.2,43.13 1 1
redbubble.com/calculator/app/cart/cart.go:24.25,27.3 2 0
redbubble.com/calculator/app/cart/cart.go:29.20,32.3 2 0
redbubble.com/calculator/app/cart/cart.go:34.24,37.3 2 1
redbubble.com/calculator/app/cart/cart.go:39.22,41.3 1 0
redbubble.com/calculator/app/cart/cart.go:47.73,50.31 2 1
redbubble.com/calculator/app/cart/cart.go:59.2,59.18 1 1
redbubble.com/calculator/app/cart/cart.go:50.31,52.17 2 1
redbubble.com/calculator/app/cart/cart.go:56.3,56.76 1 1
redbubble.com/calculator/app/cart/cart.go:52.17,54.4 1 0
redbubble.com/calculator/app/cart/cart.go:64.81,70.2 4 1
redbubble.com/calculator/app/datasource/inputprices.go:21.40,23.27 2 1
redbubble.com/calculator/app/datasource/inputprices.go:27.2,30.27 3 1
redbubble.com/calculator/app/datasource/inputprices.go:40.2,40.13 1 1
redbubble.com/calculator/app/datasource/inputprices.go:23.27,25.3 1 1
redbubble.com/calculator/app/datasource/inputprices.go:30.27,35.41 3 1
redbubble.com/calculator/app/datasource/inputprices.go:35.41,37.4 1 1
redbubble.com/calculator/app/datasource/unmarshal.go:15.60,17.16 2 1
redbubble.com/calculator/app/datasource/unmarshal.go:21.2,24.16 3 1
redbubble.com/calculator/app/datasource/unmarshal.go:28.2,29.22 2 1
redbubble.com/calculator/app/datasource/unmarshal.go:34.2,34.43 1 1
redbubble.com/calculator/app/datasource/unmarshal.go:17.16,19.3 1 0
redbubble.com/calculator/app/datasource/unmarshal.go:24.16,26.3 1 0
redbubble.com/calculator/app/datasource/unmarshal.go:29.22,32.3 2 1
redbubble.com/calculator/app/datasource/unmarshal.go:37.71,40.39 2 1
redbubble.com/calculator/app/datasource/unmarshal.go:46.2,48.12 2 1
redbubble.com/calculator/app/datasource/unmarshal.go:52.2,52.12 1 1
redbubble.com/calculator/app/datasource/unmarshal.go:40.39,41.27 1 1
redbubble.com/calculator/app/datasource/unmarshal.go:41.27,43.4 1 1
redbubble.com/calculator/app/datasource/unmarshal.go:48.12,50.3 1 1
redbubble.com/calculator/app/datasource/unmarshal.go:59.65,61.16 2 1
redbubble.com/calculator/app/datasource/unmarshal.go:65.2,68.16 3 1
redbubble.com/calculator/app/datasource/unmarshal.go:72.2,73.16 2 1
redbubble.com/calculator/app/datasource/unmarshal.go:78.2,80.8 1 1
redbubble.com/calculator/app/datasource/unmarshal.go:61.16,63.3 1 0
redbubble.com/calculator/app/datasource/unmarshal.go:68.16,70.3 1 0
redbubble.com/calculator/app/datasource/unmarshal.go:73.16,76.3 1 1
redbubble.com/calculator/app/datasource/unmarshal.go:83.74,89.31 4 1
redbubble.com/calculator/app/datasource/unmarshal.go:122.2,124.17 2 1
redbubble.com/calculator/app/datasource/unmarshal.go:128.2,128.24 1 1
redbubble.com/calculator/app/datasource/unmarshal.go:89.31,90.26 1 1
redbubble.com/calculator/app/datasource/unmarshal.go:98.3,98.30 1 1
redbubble.com/calculator/app/datasource/unmarshal.go:106.3,109.13 3 1
redbubble.com/calculator/app/datasource/unmarshal.go:119.3,119.41 1 1
redbubble.com/calculator/app/datasource/unmarshal.go:90.26,95.12 3 1
redbubble.com/calculator/app/datasource/unmarshal.go:98.30,103.12 3 1
redbubble.com/calculator/app/datasource/unmarshal.go:109.13,114.12 3 1
redbubble.com/calculator/app/datasource/unmarshal.go:115.9,117.4 1 1
redbubble.com/calculator/app/datasource/unmarshal.go:124.17,126.3 1 1
redbubble.com/calculator/app/cmd/calculate/main.go:19.13,27.82 3 0
redbubble.com/calculator/app/cmd/calculate/main.go:32.2,34.16 2 0
redbubble.com/calculator/app/cmd/calculate/main.go:27.82,30.3 1 0
redbubble.com/calculator/app/cmd/calculate/main.go:37.56,40.2 2 1
redbubble.com/calculator/app/cmd/calculate/main.go:44.35,46.16 2 1
redbubble.com/calculator/app/cmd/calculate/main.go:51.2,52.16 2 1
redbubble.com/calculator/app/cmd/calculate/main.go:57.2,59.28 2 1
redbubble.com/calculator/app/cmd/calculate/main.go:63.2,63.14 1 1
redbubble.com/calculator/app/cmd/calculate/main.go:46.16,49.3 2 0
redbubble.com/calculator/app/cmd/calculate/main.go:52.16,54.3 1 0
redbubble.com/calculator/app/cmd/calculate/main.go:59.28,61.3 1 1
redbubble.com/calculator/app/prices/pricelist.go:26.54,27.27 1 1
redbubble.com/calculator/app/prices/pricelist.go:33.2,33.14 1 1
redbubble.com/calculator/app/prices/pricelist.go:27.27,28.26 1 1
redbubble.com/calculator/app/prices/pricelist.go:28.26,30.4 1 1
redbubble.com/calculator/app/prices/pricelist.go:36.79,38.49 1 1
redbubble.com/calculator/app/prices/pricelist.go:45.2,45.13 1 1
redbubble.com/calculator/app/prices/pricelist.go:38.49,40.46 2 1
redbubble.com/calculator/app/prices/pricelist.go:40.46,42.4 1 1
redbubble.com/calculator/app/prices/pricelist.go:48.32,50.2 1 1
redbubble.com/calculator/app/prices/pricelist.go:53.106,55.12 2 1
redbubble.com/calculator/app/prices/pricelist.go:59.2,62.53 3 1
redbubble.com/calculator/app/prices/pricelist.go:55.12,57.3 1 1
redbubble.com/calculator/app/prices/pricelist.go:66.109,68.39 2 1
redbubble.com/calculator/app/prices/pricelist.go:74.2,74.99 1 0
redbubble.com/calculator/app/prices/pricelist.go:68.39,69.37 1 1
redbubble.com/calculator/app/prices/pricelist.go:69.37,71.4 1 1
redbubble.com/calculator/app/prices/pricelist.go:77.79,82.36 2 1
redbubble.com/calculator/app/prices/pricelist.go:86.2,86.12 1 1
redbubble.com/calculator/app/prices/pricelist.go:82.36,84.3 1 1
redbubble.com/calculator/app/prices/pricelist.go:26.54,27.27 1 0
redbubble.com/calculator/app/prices/pricelist.go:33.2,33.14 1 0
redbubble.com/calculator/app/prices/pricelist.go:27.27,28.26 1 0
redbubble.com/calculator/app/prices/pricelist.go:28.26,30.4 1 0
redbubble.com/calculator/app/prices/pricelist.go:36.79,38.49 1 0
redbubble.com/calculator/app/prices/pricelist.go:45.2,45.13 1 0
redbubble.com/calculator/app/prices/pricelist.go:38.49,40.46 2 0
redbubble.com/calculator/app/prices/pricelist.go:40.46,42.4 1 0
redbubble.com/calculator/app/prices/pricelist.go:48.32,50.2 1 0
redbubble.com/calculator/app/prices/pricelist.go:53.106,55.12 2 0
redbubble.com/calculator/app/prices/pricelist.go:59.2,62.53 3 0
redbubble.com/calculator/app/prices/pricelist.go:55.12,57.3 1 0
redbubble.com/calculator/app/prices/pricelist.go:66.109,68.39 2 0
redbubble.com/calculator/app/prices/pricelist.go:74.2,74.99 1 0
redbubble.com/calculator/app/prices/pricelist.go:68.39,69.37 1 0
redbubble.com/calculator/app/prices/pricelist.go:69.37,71.4 1 0
redbubble.com/calculator/app/prices/pricelist.go:77.79,82.36 2 0
redbubble.com/calculator/app/prices/pricelist.go:86.2,86.12 1 0
redbubble.com/calculator/app/prices/pricelist.go:82.36,84.3 1 0
redbubble.com/calculator/app/cart/cart.go:23.42,24.25 1 0
redbubble.com/calculator/app/cart/cart.go:29.2,29.20 1 0
redbubble.com/calculator/app/cart/cart.go:34.2,34.24 1 0
redbubble.com/calculator/app/cart/cart.go:39.2,39.22 1 0
redbubble.com/calculator/app/cart/cart.go:43.2,43.13 1 0
redbubble.com/calculator/app/cart/cart.go:24.25,27.3 2 0
redbubble.com/calculator/app/cart/cart.go:29.20,32.3 2 0
redbubble.com/calculator/app/cart/cart.go:34.24,37.3 2 0
redbubble.com/calculator/app/cart/cart.go:39.22,41.3 1 0
redbubble.com/calculator/app/cart/cart.go:47.73,50.31 2 0
redbubble.com/calculator/app/cart/cart.go:59.2,59.18 1 0
redbubble.com/calculator/app/cart/cart.go:50.31,52.17 2 0
redbubble.com/calculator/app/cart/cart.go:56.3,56.76 1 0
redbubble.com/calculator/app/cart/cart.go:52.17,54.4 1 0
redbubble.com/calculator/app/cart/cart.go:64.81,70.2 4 0
redbubble.com/calculator/app/cmd/calculate/main.go:19.13,27.82 3 0
redbubble.com/calculator/app/cmd/calculate/main.go:32.2,34.16 2 0
redbubble.com/calculator/app/cmd/calculate/main.go:27.82,30.3 1 0
redbubble.com/calculator/app/cmd/calculate/main.go:37.56,40.2 2 0
redbubble.com/calculator/app/cmd/calculate/main.go:44.35,46.16 2 0
redbubble.com/calculator/app/cmd/calculate/main.go:51.2,52.16 2 0
redbubble.com/calculator/app/cmd/calculate/main.go:57.2,59.28 2 0
redbubble.com/calculator/app/cmd/calculate/main.go:63.2,63.14 1 0
redbubble.com/calculator/app/cmd/calculate/main.go:46.16,49.3 2 0
redbubble.com/calculator/app/cmd/calculate/main.go:52.16,54.3 1 0
redbubble.com/calculator/app/cmd/calculate/main.go:59.28,61.3 1 0
redbubble.com/calculator/app/datasource/inputprices.go:21.40,23.27 2 1
redbubble.com/calculator/app/datasource/inputprices.go:27.2,30.27 3 1
redbubble.com/calculator/app/datasource/inputprices.go:40.2,40.13 1 1
redbubble.com/calculator/app/datasource/inputprices.go:23.27,25.3 1 1
redbubble.com/calculator/app/datasource/inputprices.go:30.27,35.41 3 1
redbubble.com/calculator/app/datasource/inputprices.go:35.41,37.4 1 1
redbubble.com/calculator/app/datasource/unmarshal.go:15.60,17.16 2 0
redbubble.com/calculator/app/datasource/unmarshal.go:21.2,24.16 3 0
redbubble.com/calculator/app/datasource/unmarshal.go:28.2,29.22 2 0
redbubble.com/calculator/app/datasource/unmarshal.go:34.2,34.43 1 0
redbubble.com/calculator/app/datasource/unmarshal.go:17.16,19.3 1 0
redbubble.com/calculator/app/datasource/unmarshal.go:24.16,26.3 1 0
redbubble.com/calculator/app/datasource/unmarshal.go:29.22,32.3 2 0
redbubble.com/calculator/app/datasource/unmarshal.go:37.71,40.39 2 0
redbubble.com/calculator/app/datasource/unmarshal.go:46.2,48.12 2 0
redbubble.com/calculator/app/datasource/unmarshal.go:52.2,52.12 1 0
redbubble.com/calculator/app/datasource/unmarshal.go:40.39,41.27 1 0
redbubble.com/calculator/app/datasource/unmarshal.go:41.27,43.4 1 0
redbubble.com/calculator/app/datasource/unmarshal.go:48.12,50.3 1 0
redbubble.com/calculator/app/datasource/unmarshal.go:59.65,61.16 2 1
redbubble.com/calculator/app/datasource/unmarshal.go:65.2,68.16 3 1
redbubble.com/calculator/app/datasource/unmarshal.go:72.2,73.16 2 1
redbubble.com/calculator/app/datasource/unmarshal.go:78.2,80.8 1 1
redbubble.com/calculator/app/datasource/unmarshal.go:61.16,63.3 1 0
redbubble.com/calculator/app/datasource/unmarshal.go:68.16,70.3 1 0
redbubble.com/calculator/app/datasource/unmarshal.go:73.16,76.3 1 0
redbubble.com/calculator/app/datasource/unmarshal.go:83.74,89.31 4 1
redbubble.com/calculator/app/datasource/unmarshal.go:122.2,124.17 2 1
redbubble.com/calculator/app/datasource/unmarshal.go:128.2,128.24 1 1
redbubble.com/calculator/app/datasource/unmarshal.go:89.31,90.26 1 1
redbubble.com/calculator/app/datasource/unmarshal.go:98.3,98.30 1 1
redbubble.com/calculator/app/datasource/unmarshal.go:106.3,109.13 3 1
redbubble.com/calculator/app/datasource/unmarshal.go:119.3,119.41 1 1
redbubble.com/calculator/app/datasource/unmarshal.go:90.26,95.12 3 0
redbubble.com/calculator/app/datasource/unmarshal.go:98.30,103.12 3 0
redbubble.com/calculator/app/datasource/unmarshal.go:109.13,114.12 3 0
redbubble.com/calculator/app/datasource/unmarshal.go:115.9,117.4 1 1
redbubble.com/calculator/app/datasource/unmarshal.go:124.17,126.3 1 0
